<?xml version="1.0" encoding="UTF-8"?>
<testsuite xmlns:xsi="http://www.w3.org/2001/XMLSchema-instance" xsi:noNamespaceSchemaLocation="https://maven.apache.org/surefire/maven-surefire-plugin/xsd/surefire-test-report-3.0.xsd" version="3.0" name="com.mycompany.uc10_atividade03_barbararezei.incidentecadastrarTest" time="0.564" tests="1" errors="0" skipped="0" failures="0">
  <properties>
[...]
</properties>
  <testcase name="testCadastrar" classname="com.mycompany.uc10_atividade03_barbararezei.incidentecadastrarTest" time="0.46"/>
</testsuite>